生成启动时间为 2015/1/7 16:46:46。
     1>项目“F:\C\snakeC\snakeC\snakeC.vcxproj”在节点 2 上(Build 个目标)。
     1>ClCompile:
         C:\Program Files (x86)\Microsoft Visual Studio 12.0\VC\bin\CL.exe /c /Zi /nologo /W3 /WX- /sdl /O2 /Oi /Oy- /GL /D WIN32 /D NDEBUG /D _CONSOLE /D _LIB /D _CRT_SECURE_NO_WARNINGS /D _CRT_NON_CONFORMING_SWPRINTFS /D _UNICODE /D UNICODE /Gm- /EHsc /MT /GS /Gy /fp:precise /Zc:wchar_t /Zc:forScope /Fo"Release\\" /Fd"Release\vc120.pdb" /Gd /TP /analyze- /errorReport:prompt food.cpp game.cpp graphics.cpp map.cpp rank.cpp save.cpp main.cpp
         food.cpp
     1>food.cpp(14): warning C4091: “extern ”: 没有声明变量时忽略“snake”的左侧
     1>food.cpp(19): warning C4091: “extern ”: 没有声明变量时忽略“node”的左侧
         game.cpp
     1>game.cpp(69): warning C4101: “ranksave”: 未引用的局部变量
         graphics.cpp
         map.cpp
         rank.cpp
     1>rank.cpp(66): warning C4101: “p”: 未引用的局部变量
     1>rank.cpp(66): warning C4101: “temp”: 未引用的局部变量
         save.cpp
     1>save.cpp(10): warning C4091: “extern ”: 没有声明变量时忽略“snake”的左侧
     1>save.cpp(15): warning C4091: “extern ”: 没有声明变量时忽略“node”的左侧
         main.cpp
       Link:
         C:\Program Files (x86)\Microsoft Visual Studio 12.0\VC\bin\link.exe /ERRORREPORT:PROMPT /OUT:"F:\C\snakeC\Release\snakeC.exe" /INCREMENTAL:NO /NOLOGO kernel32.lib user32.lib gdi32.lib winspool.lib comdlg32.lib advapi32.lib shell32.lib ole32.lib oleaut32.lib uuid.lib odbc32.lib odbccp32.lib /MANIFEST /MANIFESTUAC:"level='asInvoker' uiAccess='false'" /manifest:embed /DEBUG /PDB:"F:\C\snakeC\Release\snakeC.pdb" /SUBSYSTEM:CONSOLE /OPT:REF /OPT:ICF /LTCG /TLBID:1 /DYNAMICBASE /NXCOMPAT /IMPLIB:"F:\C\snakeC\Release\snakeC.lib" /MACHINE:X86 /SAFESEH Release\food.obj
         Release\game.obj
         Release\graphics.obj
         Release\map.obj
         Release\rank.obj
         Release\save.obj
         Release\main.obj
         正在生成代码
         已完成代码的生成
         snakeC.vcxproj -> F:\C\snakeC\Release\snakeC.exe
     1>已完成生成项目“F:\C\snakeC\snakeC\snakeC.vcxproj”(Build 个目标)的操作。

生成成功。

已用时间 00:00:05.96
